<?xml version="1.0" encoding="UTF-8"?>
<!-- Generated by org.testng.reporters.JUnitReportReporter -->
<testsuite skipped="2" hostname="user-PC" name="tests.Edit_Lead" tests="2" failures="0" timestamp="30 Jun 2018 11:43:37 GMT" time="0.000" errors="0">
  <testcase name="EditLead" time="0.000" classname="tests.Edit_Lead">
    <skipped/>
  </testcase> <!-- EditLead -->
  <testcase name="EditLead" time="0.000" classname="tests.Edit_Lead">
    <skipped/>
  </testcase> <!-- EditLead -->
</testsuite> <!-- tests.Edit_Lead -->
