<?xml version="1.0" encoding="UTF-8"?>
<!-- Generated by org.testng.reporters.JUnitReportReporter -->
<testsuite skipped="0" hostname="user-PC" name="tests.Create_Lead" tests="2" failures="0" timestamp="01 Jul 2018 06:10:21 GMT" time="45.673" errors="0">
  <testcase name="createLead" time="23.258" classname="tests.Create_Lead"/>
  <testcase name="createLead" time="22.415" classname="tests.Create_Lead"/>
</testsuite> <!-- tests.Create_Lead -->
