<?xml version="1.0" encoding="UTF-8"?>
<!-- Generated by org.testng.reporters.JUnitReportReporter -->
<testsuite skipped="1" hostname="user-PC" name="POM.tests.Create_Lead2" tests="3" failures="0" timestamp="01 Jul 2018 08:15:46 GMT" time="58.622" errors="1">
  <testcase name="createLead" time="49.379" classname="POM.tests.Create_Lead2"/>
  <testcase name="beforeMethod" time="9.243" classname="POM.tests.Create_Lead2">
    <error type="java.lang.RuntimeException">
      <![CDATA[java.lang.RuntimeException
at reports.Reports.reportSteps(Reports.java:66)
at lib.listeners.WebDriverListener.takeSnap(WebDriverListener.java:170)
at lib.listeners.WebDriverListener.afterNavigateTo(WebDriverListener.java:72)
at sun.reflect.NativeMethodAccessorImpl.invoke0(Native Method)
at sun.reflect.NativeMethodAccessorImpl.invoke(Unknown Source)
at sun.reflect.DelegatingMethodAccessorImpl.invoke(Unknown Source)
at java.lang.reflect.Method.invoke(Unknown Source)
at org.openqa.selenium.support.events.EventFiringWebDriver.lambda$new$0(EventFiringWebDriver.java:82)
at com.sun.proxy.$Proxy15.afterNavigateTo(Unknown Source)
at org.openqa.selenium.support.events.EventFiringWebDriver.get(EventFiringWebDriver.java:162)
at lib.selenium.PreAndPost.beforeMethod(PreAndPost.java:55)
at sun.reflect.NativeMethodAccessorImpl.invoke0(Native Method)
at sun.reflect.NativeMethodAccessorImpl.invoke(Unknown Source)
at sun.reflect.DelegatingMethodAccessorImpl.invoke(Unknown Source)
at java.lang.reflect.Method.invoke(Unknown Source)
at org.testng.internal.MethodInvocationHelper.invokeMethod(MethodInvocationHelper.java:124)
at org.testng.internal.MethodInvocationHelper.invokeMethodConsideringTimeout(MethodInvocationHelper.java:59)
at org.testng.internal.Invoker.invokeConfigurationMethod(Invoker.java:455)
at org.testng.internal.Invoker.invokeConfigurations(Invoker.java:222)
at org.testng.internal.Invoker.invokeMethod(Invoker.java:520)
at org.testng.internal.Invoker.invokeTestMethod(Invoker.java:716)
at org.testng.internal.Invoker.invokeTestMethods(Invoker.java:988)
at org.testng.internal.TestMethodWorker.invokeTestMethods(TestMethodWorker.java:125)
at org.testng.internal.TestMethodWorker.run(TestMethodWorker.java:109)
at java.util.concurrent.ThreadPoolExecutor.runWorker(Unknown Source)
at java.util.concurrent.ThreadPoolExecutor$Worker.run(Unknown Source)
at java.lang.Thread.run(Unknown Source)
]]>
    </error>
  </testcase> <!-- beforeMethod -->
  <testcase name="createLead" time="0.000" classname="POM.tests.Create_Lead2">
    <skipped/>
  </testcase> <!-- createLead -->
</testsuite> <!-- POM.tests.Create_Lead2 -->
