<?xml version="1.0" encoding="UTF-8"?>
<!-- Generated by org.testng.reporters.JUnitReportReporter -->
<testsuite skipped="0" hostname="user-PC" name="weeklyactivity.Create_Account" tests="1" failures="0" timestamp="17 Jun 2018 10:15:29 GMT" time="38.135" errors="0">
  <testcase name="createAccount" time="38.135" classname="weeklyactivity.Create_Account"/>
</testsuite> <!-- weeklyactivity.Create_Account -->
