<?xml version="1.0" encoding="UTF-8"?>
<!-- Generated by org.testng.reporters.JUnitReportReporter -->
<testsuite skipped="0" hostname="user-PC" name="tests.CreateLead" tests="1" failures="0" timestamp="10 Jun 2018 07:30:50 GMT" time="16.546" errors="0">
  <testcase name="createLead" time="16.546" classname="tests.CreateLead"/>
</testsuite> <!-- tests.CreateLead -->
