<?xml version="1.0" encoding="UTF-8"?>
<!-- Generated by org.testng.reporters.JUnitReportReporter -->
<testsuite skipped="1" hostname="user-PC" name="POM.tests.Create_Lead" tests="2" failures="0" timestamp="01 Jul 2018 08:15:46 GMT" time="68.945" errors="1">
  <testcase name="createLead" time="20.122" classname="POM.tests.Create_Lead">
    <skipped/>
  </testcase> <!-- createLead -->
  <testcase name="createLead" time="48.823" classname="POM.tests.Create_Lead">
    <error type="java.lang.RuntimeException">
      <![CDATA[java.lang.RuntimeException
at reports.Reports.reportSteps(Reports.java:66)
at lib.listeners.WebDriverListener.takeSnap(WebDriverListener.java:170)
at reports.Reports.reportSteps(Reports.java:54)
at lib.selenium.WebDriverServiceImpl.getText(WebDriverServiceImpl.java:105)
at lib.selenium.WebDriverServiceImpl.verifyPartialText(WebDriverServiceImpl.java:242)
at Page.ViewLead_Page.verifyCompanyName(ViewLead_Page.java:26)
at POM.tests.Create_Lead.createLead(Create_Lead.java:41)
at sun.reflect.NativeMethodAccessorImpl.invoke0(Native Method)
at sun.reflect.NativeMethodAccessorImpl.invoke(Unknown Source)
at sun.reflect.DelegatingMethodAccessorImpl.invoke(Unknown Source)
at java.lang.reflect.Method.invoke(Unknown Source)
at org.testng.internal.MethodInvocationHelper.invokeMethod(MethodInvocationHelper.java:124)
at org.testng.internal.Invoker.invokeMethod(Invoker.java:580)
at org.testng.internal.Invoker.invokeTestMethod(Invoker.java:716)
at org.testng.internal.Invoker.invokeTestMethods(Invoker.java:988)
at org.testng.internal.TestMethodWorker.invokeTestMethods(TestMethodWorker.java:125)
at org.testng.internal.TestMethodWorker.run(TestMethodWorker.java:109)
at java.util.concurrent.ThreadPoolExecutor.runWorker(Unknown Source)
at java.util.concurrent.ThreadPoolExecutor$Worker.run(Unknown Source)
at java.lang.Thread.run(Unknown Source)
]]>
    </error>
  </testcase> <!-- createLead -->
</testsuite> <!-- POM.tests.Create_Lead -->
