<?xml version="1.0" encoding="UTF-8"?>
<!-- Generated by org.testng.reporters.JUnitReportReporter -->
<testsuite skipped="2" hostname="user-PC" name="tests.Merge_Leads" tests="2" failures="0" timestamp="30 Jun 2018 11:43:37 GMT" time="0.000" errors="0">
  <testcase name="MergeLead" time="0.000" classname="tests.Merge_Leads">
    <skipped/>
  </testcase> <!-- MergeLead -->
  <testcase name="MergeLead" time="0.000" classname="tests.Merge_Leads">
    <skipped/>
  </testcase> <!-- MergeLead -->
</testsuite> <!-- tests.Merge_Leads -->
