<?xml version="1.0" encoding="UTF-8"?>
<!-- Generated by org.testng.reporters.JUnitReportReporter -->
<testsuite skipped="0" hostname="user-PC" name="tests.EditLead" tests="1" failures="0" timestamp="10 Jun 2018 15:28:07 GMT" time="22.893" errors="0">
  <testcase name="EditLead" time="22.893" classname="tests.EditLead"/>
</testsuite> <!-- tests.EditLead -->
